<?xml version="1.0" encoding="UTF-8"?>
<testng-results ignored="0" total="1" passed="1" failed="0" skipped="0">
  <reporter-output>
  </reporter-output>
  <suite started-at="2023-04-23T11:07:01Z" name="Default suite" finished-at="2023-04-23T11:07:21Z" duration-ms="19973">
    <groups>
    </groups>
    <test started-at="2023-04-23T11:07:01Z" name="Default test" finished-at="2023-04-23T11:07:21Z" duration-ms="19973">
      <class name="com.qa.tests.LoginTest">
        <test-method signature="loginTest()[pri:0, instance:com.qa.tests.LoginTest@53251a66]" started-at="2023-04-23T11:07:01Z" name="loginTest" finished-at="2023-04-23T11:07:21Z" duration-ms="19912" status="PASS">
          <reporter-output>
          </reporter-output>
        </test-method> <!-- loginTest -->
      </class> <!-- com.qa.tests.LoginTest -->
    </test> <!-- Default test -->
  </suite> <!-- Default suite -->
</testng-results>
